[2016-04-21 02:57:16] START
[2016-04-21 02:57:16] EDIT avant/models/db_wizard.py: -12
[2016-04-21 02:57:55] DELETE avant/models/db_wizard_populate.py: -5
[2016-04-21 02:59:32] EDIT avant/models/db_wizard.py: 0
[2016-04-21 03:02:14] CREATE 00_global_variables.py: 0
[2016-04-21 03:04:38] EDIT avant/models/00_global_variables.py: 10
[2016-04-21 03:05:36] CREATE 04_validators.py: 0
[2016-04-21 03:14:46] EDIT avant/models/00_global_variables.py: 0
[2016-04-21 03:14:49] EDIT avant/models/db_wizard.py: 0
[2016-04-21 03:15:17] EDIT avant/models/04_validators.py: 6
[2016-04-21 03:18:27] DELETE avant/models/db.py: -47
[2016-04-21 03:19:51] CREATE db.py: 0
[2016-04-21 03:21:48] DELETE avant/models/db.py: 0
[2016-04-21 03:22:07] EDIT avant/models/00_global_variables.py: 0
[2016-04-21 03:22:44] EDIT avant/models/db_wizard.py: 1
[2016-04-21 03:36:08] EDIT avant/models/00_global_variables.py: 0
[2016-04-21 03:36:30] EDIT avant/models/00_global_variables.py: 3
[2016-04-21 03:36:35] EDIT avant/models/00_global_variables.py: 0
[2016-04-21 03:39:20] EDIT avant/models/04_validators.py: 0
[2016-04-21 03:41:41] EDIT avant/models/04_validators.py: 0
[2016-04-21 03:43:04] CREATE 01_global_functions.py: 0
[2016-04-21 03:46:22] EDIT avant/models/01_global_functions.py: 82
[2016-04-21 03:46:27] EDIT avant/models/01_global_functions.py: 0
[2016-04-21 03:52:06] CREATE user.py: 0
[2016-04-21 03:53:58] EDIT avant/controllers/user.py: 8
[2016-04-21 03:55:09] EDIT avant/controllers/user.py: 1
[2016-04-21 03:56:18] EDIT avant/controllers/user.py: 1
[2016-04-21 03:56:43] EDIT avant/controllers/user.py: 0
[2016-04-21 03:57:11] EDIT avant/controllers/user.py: 0
[2016-04-21 03:58:04] EDIT avant/controllers/user.py: 2
[2016-04-21 04:07:12] EDIT avant/controllers/user.py: 7
[2016-04-21 04:07:47] EDIT avant/controllers/user.py: 1
[2016-04-21 04:08:19] EDIT avant/controllers/user.py: 0
[2016-04-21 04:15:16] EDIT avant/controllers/user.py: 1
[2016-04-21 04:15:43] EDIT avant/controllers/user.py: 0
[2016-04-21 04:19:28] EDIT avant/controllers/user.py: 0
[2016-04-21 04:23:30] EDIT avant/controllers/user.py: 8
[2016-04-21 04:23:45] EDIT avant/controllers/user.py: 0
[2016-04-21 04:24:11] EDIT avant/controllers/user.py: 0
[2016-04-21 04:24:33] EDIT avant/controllers/user.py: 0
[2016-04-21 04:24:58] EDIT avant/controllers/user.py: 0
[2016-04-21 04:26:01] EDIT avant/models/01_global_functions.py: 3
[2016-04-21 04:26:48] EDIT avant/controllers/user.py: 0
[2016-04-21 04:27:20] EDIT avant/controllers/user.py: 0
[2016-04-21 04:28:58] EDIT avant/models/01_global_functions.py: 2
[2016-04-21 04:29:07] EDIT avant/models/01_global_functions.py: 0
[2016-04-21 04:30:16] EDIT avant/models/01_global_functions.py: 0
[2016-04-21 04:30:19] EDIT avant/models/01_global_functions.py: 0
[2016-04-21 04:42:30] EDIT avant/models/01_global_functions.py: 16
[2016-04-21 04:43:12] EDIT avant/models/01_global_functions.py: -3
[2016-04-21 04:47:57] EDIT avant/models/01_global_functions.py: 0
[2016-04-21 04:48:39] EDIT avant/controllers/user.py: 4
[2016-04-21 04:48:57] EDIT avant/controllers/user.py: 1
[2016-04-21 04:51:47] CREATE loan_application.py: 0
[2016-04-21 04:54:42] EDIT avant/models/00_global_variables.py: 0
[2016-04-21 04:57:11] EDIT avant/controllers/loan_application.py: 6
[2016-04-21 04:57:22] EDIT avant/controllers/loan_application.py: 0
[2016-04-21 04:59:07] EDIT avant/controllers/loan_application.py: 2
[2016-04-21 04:59:15] EDIT avant/controllers/loan_application.py: 0
[2016-04-21 05:00:25] EDIT avant/controllers/loan_application.py: 0
[2016-04-21 05:01:12] EDIT avant/controllers/loan_application.py: 1
[2016-04-21 05:02:01] EDIT avant/controllers/loan_application.py: 1
[2016-04-21 05:02:27] EDIT avant/models/00_global_variables.py: 0
[2016-04-21 05:02:40] EDIT avant/models/00_global_variables.py: 0
[2016-04-21 05:03:17] EDIT avant/controllers/loan_application.py: 0
[2016-04-21 05:03:29] EDIT avant/controllers/loan_application.py: 1
[2016-04-21 05:03:44] EDIT avant/controllers/loan_application.py: 0
[2016-04-21 05:04:01] EDIT avant/controllers/loan_application.py: 0
[2016-04-21 05:04:33] EDIT avant/models/04_validators.py: 0
[2016-04-21 05:05:12] EDIT avant/controllers/loan_application.py: -1
[2016-04-21 05:06:08] EDIT avant/models/00_global_variables.py: 0
[2016-04-21 05:06:43] EDIT avant/models/00_global_variables.py: 0
[2016-04-21 05:07:03] EDIT avant/models/04_validators.py: 0
[2016-04-21 05:07:03] EDIT avant/models/04_validators.py: 0
[2016-04-21 05:07:43] EDIT avant/models/00_global_variables.py: 0
[2016-04-21 05:07:45] EDIT avant/models/04_validators.py: 0
[2016-04-21 05:22:35] EDIT avant/controllers/loan_application.py: 0
[2016-04-21 19:29:55] EDIT avant/models/04_validators.py: 2
[2016-04-21 19:31:56] EDIT avant/models/04_validators.py: -1
[2016-04-21 19:45:43] EDIT avant/controllers/loan_application.py: 5
[2016-04-21 19:46:02] EDIT avant/controllers/loan_application.py: 1
[2016-04-21 19:46:57] EDIT avant/controllers/loan_application.py: 0
[2016-04-21 19:52:49] EDIT avant/controllers/loan_application.py: 5
[2016-04-21 19:52:53] EDIT avant/controllers/loan_application.py: 0
[2016-04-21 19:53:37] EDIT avant/controllers/loan_application.py: 1
[2016-04-21 19:53:47] EDIT avant/controllers/loan_application.py: 0
[2016-04-21 19:54:09] EDIT avant/controllers/loan_application.py: 0
[2016-04-21 19:54:32] EDIT avant/controllers/loan_application.py: 0
[2016-04-21 19:54:38] EDIT avant/controllers/loan_application.py: 0
[2016-04-21 19:54:50] EDIT avant/controllers/loan_application.py: 0
[2016-04-21 19:55:02] EDIT avant/controllers/loan_application.py: 0
[2016-04-21 19:55:36] EDIT avant/controllers/loan_application.py: 0
[2016-04-21 19:56:07] EDIT avant/controllers/loan_application.py: -1
[2016-04-21 19:58:19] EDIT avant/controllers/loan_application.py: 2
[2016-04-21 20:03:44] EDIT avant/controllers/loan_application.py: 5
[2016-04-21 20:04:15] EDIT avant/controllers/loan_application.py: 0
[2016-04-21 20:04:17] EDIT avant/controllers/loan_application.py: -1
[2016-04-21 21:35:49] EDIT avant/controllers/user.py: 0
[2016-04-21 21:36:04] EDIT avant/controllers/user.py: 0
[2016-04-21 21:37:25] EDIT avant/controllers/user.py: 1
[2016-04-21 21:37:32] EDIT avant/controllers/user.py: 0
[2016-04-21 21:37:59] EDIT avant/controllers/user.py: 0
[2016-04-21 21:38:24] EDIT avant/models/04_validators.py: -1
[2016-04-21 21:38:37] EDIT avant/controllers/user.py: -1
[2016-04-21 22:17:10] EDIT avant/controllers/user.py: 0
[2016-04-21 22:25:36] EDIT avant/controllers/user.py: 0
[2016-04-21 22:28:34] EDIT avant/models/01_global_functions.py: 0
[2016-04-22 21:58:28] EDIT avant/controllers/user.py: 2
[2016-04-22 21:59:34] EDIT avant/controllers/user.py: 0
